<?xml version="1.0" encoding="UTF-8"?>
<testsuite name="com.stevekatra.tdd.stack.StackTest" tests="9" skipped="0" failures="0" errors="0" timestamp="2021-09-09T00:10:46" hostname="MacBook-Pro-4.local" time="0.005">
  <properties/>
  <testcase name="peekOnEmptyStack" classname="com.stevekatra.tdd.stack.StackTest" time="0.001"/>
  <testcase name="populatedStack" classname="com.stevekatra.tdd.stack.StackTest" time="0.002"/>
  <testcase name="sizeOfStackShouldBeZero" classname="com.stevekatra.tdd.stack.StackTest" time="0.0"/>
  <testcase name="emptyStack" classname="com.stevekatra.tdd.stack.StackTest" time="0.0"/>
  <testcase name="pushTwoValuesOnStack" classname="com.stevekatra.tdd.stack.StackTest" time="0.0"/>
  <testcase name="pushOneAndPeek" classname="com.stevekatra.tdd.stack.StackTest" time="0.0"/>
  <testcase name="popOnEmptyStack" classname="com.stevekatra.tdd.stack.StackTest" time="0.0"/>
  <testcase name="pushOnePopOneValueOnStack" classname="com.stevekatra.tdd.stack.StackTest" time="0.0"/>
  <testcase name="pushOneValueOnStack" classname="com.stevekatra.tdd.stack.StackTest" time="0.0"/>
  <system-out><![CDATA[]]></system-out>
  <system-err><![CDATA[]]></system-err>
</testsuite>
